#
# There is insufficient memory for the Java Runtime Environment to continue.
# Native memory allocation (malloc) failed to allocate 1238256 bytes for Chunk::new
# Possible reasons:
#   The system is out of physical RAM or swap space
#   In 32 bit mode, the process size limit was hit
# Possible solutions:
#   Reduce memory load on the system
#   Increase physical memory or swap space
#   Check if swap backing store is full
#   Use 64 bit Java on a 64 bit OS
#   Decrease Java heap size (-Xmx/-Xms)
#   Decrease number of Java threads
#   Decrease Java thread stack sizes (-Xss)
#   Set larger code cache with -XX:ReservedCodeCacheSize=
# This output file may be truncated or incomplete.
#
#  Out of Memory Error (allocation.cpp:390), pid=10028, tid=0x00000000000018c4
#
# JRE version: Java(TM) SE Runtime Environment (8.0_111-b14) (build 1.8.0_111-b14)
# Java VM: Java HotSpot(TM) 64-Bit Server VM (25.111-b14 mixed mode windows-amd64 compressed oops)
# Failed to write core dump. Minidumps are not enabled by default on client versions of Windows
#

---------------  T H R E A D  ---------------

Current thread (0x000000001527c800):  JavaThread "C2 CompilerThread0" daemon [_thread_in_native, id=6340, stack(0x00000000168e0000,0x00000000169e0000)]

Stack: [0x00000000168e0000,0x00000000169e0000]
[error occurred during error reporting (printing stack bounds), id 0xc0000005]

Native frames: (J=compiled Java code, j=interpreted, Vv=VM code, C=native code)


Current CompileTask:
C2:   8892 1675       4       javax.swing.plaf.nimbus.NimbusStyle::validate (1178 bytes)


---------------  P R O C E S S  ---------------

Java Threads: ( => current thread )
  0x000000001786c800 JavaThread "TimerQueue" daemon [_thread_blocked, id=9688, stack(0x000000001d430000,0x000000001d530000)]
  0x0000000017739000 JavaThread "Abandoned connection cleanup thread" daemon [_thread_blocked, id=8812, stack(0x000000001cf80000,0x000000001d080000)]
  0x0000000017414800 JavaThread "D3D Screen Updater" daemon [_thread_blocked, id=6460, stack(0x000000001ad60000,0x000000001ae60000)]
  0x0000000002ee3000 JavaThread "DestroyJavaVM" [_thread_blocked, id=10056, stack(0x0000000002db0000,0x0000000002eb0000)]
  0x0000000016fbb800 JavaThread "AWT-EventQueue-0" [_thread_blocked, id=6056, stack(0x0000000018490000,0x0000000018590000)]
  0x0000000016fa1800 JavaThread "AWT-Windows" daemon [_thread_in_native, id=9940, stack(0x0000000017d30000,0x0000000017e30000)]
  0x0000000017373000 JavaThread "AWT-Shutdown" [_thread_blocked, id=220, stack(0x0000000017c30000,0x0000000017d30000)]
  0x0000000017372800 JavaThread "Java2D Disposer" daemon [_thread_blocked, id=3900, stack(0x0000000017b30000,0x0000000017c30000)]
  0x00000000152d5800 JavaThread "Service Thread" daemon [_thread_blocked, id=3512, stack(0x0000000016fe0000,0x00000000170e0000)]
  0x0000000015289800 JavaThread "C1 CompilerThread2" daemon [_thread_blocked, id=4196, stack(0x0000000016ae0000,0x0000000016be0000)]
  0x0000000015280000 JavaThread "C2 CompilerThread1" daemon [_thread_blocked, id=8924, stack(0x00000000169e0000,0x0000000016ae0000)]
=>0x000000001527c800 JavaThread "C2 CompilerThread0" daemon [_thread_in_native, id=6340, stack(0x00000000168e0000,0x00000000169e0000)]
  0x000000001527b800 JavaThread "Attach Listener" daemon [_thread_blocked, id=9568, stack(0x00000000167e0000,0x00000000168e0000)]
  0x000000001527a000 JavaThread "Signal Dispatcher" daemon [_thread_blocked, id=5376, stack(0x00000000166e0000,0x00000000167e0000)]
  0x0000000002fda800 JavaThread "Finalizer" daemon [_thread_blocked, id=1140, stack(0x00000000164d0000,0x00000000165d0000)]
  0x0000000002fcf800 JavaThread "Reference Handler" daemon [_thread_blocked, id=5056, stack(0x00000000163d0000,0x00000000164d0000)]

Other Threads:
  0x0000000015247800 VMThread [stack: 0x00000000162d0000,0x00000000163d0000] [id=9916]
  0x00000000152db000 WatcherThread [stack: 0x0000000017230000,0x0000000017330000] [id=8380]

VM state:not at safepoint (normal execution)

VM Mutex/Monitor currently owned by a thread: None

Heap:
 PSYoungGen      total 16896K, used 6204K [0x00000000ed580000, 0x00000000ee800000, 0x0000000100000000)
  eden space 14848K, 28% used [0x00000000ed580000,0x00000000ed993068,0x00000000ee400000)
  from space 2048K, 99% used [0x00000000ee400000,0x00000000ee5fc010,0x00000000ee600000)
  to   space 2048K, 0% used [0x00000000ee600000,0x00000000ee600000,0x00000000ee800000)
 ParOldGen       total 38400K, used 2053K [0x00000000c8000000, 0x00000000ca580000, 0x00000000ed580000)
  object space 38400K, 5% used [0x00000000c8000000,0x00000000c82017f8,0x00000000ca580000)
 Metaspace       used 17678K, capacity 17924K, committed 18304K, reserved 1064960K
  class space    used 2230K, capacity 2327K, committed 2432K, reserved 1048576K

Card table byte_map: [0x0000000012420000,0x00000000125f0000] byte_map_base: 0x0000000011de0000

Marking Bits: (ParMarkBitMap*) 0x000000006bc6a6c0
 Begin Bits: [0x0000000012b20000, 0x0000000013920000)
 End Bits:   [0x0000000013920000, 0x0000000014720000)

Polling page: 0x00000000010e0000

CodeCache: size=245760Kb used=6114Kb max_used=6114Kb free=239645Kb
 bounds [0x0000000003060000, 0x0000000003660000, 0x0000000012060000]
 total_blobs=2455 nmethods=1877 adapters=490
 compilation: enabled

Compilation events (10 events):
Event: 8.620 Thread 0x0000000015289800 1874       1       javax.swing.plaf.nimbus.NimbusLookAndFeel::access$500 (5 bytes)
Event: 8.620 Thread 0x0000000015289800 nmethod 1874 0x000000000364de10 code [0x000000000364df60, 0x000000000364e050]
Event: 8.622 Thread 0x0000000015289800 1875       1       javax.swing.JComponent::isPaintingOrigin (2 bytes)
Event: 8.622 Thread 0x0000000015289800 nmethod 1875 0x000000000364db50 code [0x000000000364dca0, 0x000000000364ddb0]
Event: 8.627 Thread 0x0000000015289800 1876       3       sun.java2d.pipe.Region::isInsideQuickCheck (57 bytes)
Event: 8.628 Thread 0x0000000015289800 nmethod 1876 0x0000000003659c50 code [0x0000000003659dc0, 0x000000000365a070]
Event: 8.628 Thread 0x0000000015289800 1877       3       javax.swing.plaf.nimbus.ImageCache::isImageCachable (16 bytes)
Event: 8.628 Thread 0x0000000015289800 nmethod 1877 0x00000000036598d0 code [0x0000000003659a20, 0x0000000003659bd0]
Event: 8.629 Thread 0x0000000015289800 1878       3       java.util.concurrent.locks.ReentrantReadWriteLock$Sync::exclusiveCount (5 bytes)
Event: 8.629 Thread 0x0000000015289800 nmethod 1878 0x00000000036595d0 code [0x0000000003659720, 0x0000000003659850]

GC Heap History (2 events):
Event: 6.773 GC heap before
{Heap before GC invocations=1 (full 0):
 PSYoungGen      total 16896K, used 14848K [0x00000000ed580000, 0x00000000ee800000, 0x0000000100000000)
  eden space 14848K, 100% used [0x00000000ed580000,0x00000000ee400000,0x00000000ee400000)
  from space 2048K, 0% used [0x00000000ee600000,0x00000000ee600000,0x00000000ee800000)
  to   space 2048K, 0% used [0x00000000ee400000,0x00000000ee400000,0x00000000ee600000)
 ParOldGen       total 38400K, used 0K [0x00000000c8000000, 0x00000000ca580000, 0x00000000ed580000)
  object space 38400K, 0% used [0x00000000c8000000,0x00000000c8000000,0x00000000ca580000)
 Metaspace       used 16603K, capacity 16856K, committed 17152K, reserved 1064960K
  class space    used 2137K, capacity 2229K, committed 2304K, reserved 1048576K
Event: 6.780 GC heap after
Heap after GC invocations=1 (full 0):
 PSYoungGen      total 16896K, used 2032K [0x00000000ed580000, 0x00000000ee800000, 0x0000000100000000)
  eden space 14848K, 0% used [0x00000000ed580000,0x00000000ed580000,0x00000000ee400000)
  from space 2048K, 99% used [0x00000000ee400000,0x00000000ee5fc010,0x00000000ee600000)
  to   space 2048K, 0% used [0x00000000ee600000,0x00000000ee600000,0x00000000ee800000)
 ParOldGen       total 38400K, used 2053K [0x00000000c8000000, 0x00000000ca580000, 0x00000000ed580000)
  object space 38400K, 5% used [0x00000000c8000000,0x00000000c82017f8,0x00000000ca580000)
 Metaspace       used 16603K, capacity 16856K, committed 17152K, reserved 1064960K
  class space    used 2137K, capacity 2229K, committed 2304K, reserved 1048576K
}

Deoptimization events (10 events):
Event: 4.132 Thread 0x0000000016fbb800 Uncommon trap: reason=unstable_if action=reinterpret pc=0x000000000331ee70 method=java.util.Properties.loadConvert([CII[C)Ljava/lang/String; @ 4
Event: 4.132 Thread 0x0000000016fbb800 Uncommon trap: reason=unstable_if action=reinterpret pc=0x000000000331d4dc method=java.util.Properties$LineReader.readLine()I @ 174
Event: 4.194 Thread 0x0000000016fbb800 Uncommon trap: reason=unstable_if action=reinterpret pc=0x000000000333c6e0 method=java.util.Properties$LineReader.readLine()I @ 174
Event: 4.354 Thread 0x0000000016fbb800 Uncommon trap: reason=class_check action=maybe_recompile pc=0x00000000031cdfdc method=java.lang.String.equals(Ljava/lang/Object;)Z @ 8
Event: 4.392 Thread 0x0000000016fbb800 Uncommon trap: reason=class_check action=maybe_recompile pc=0x00000000032f08d8 method=javax.swing.plaf.nimbus.DerivedColor$UIResource.equals(Ljava/lang/Object;)Z @ 1
Event: 6.441 Thread 0x0000000016fbb800 Uncommon trap: reason=class_check action=maybe_recompile pc=0x00000000032f08d8 method=javax.swing.plaf.nimbus.DerivedColor$UIResource.equals(Ljava/lang/Object;)Z @ 1
Event: 6.466 Thread 0x0000000016fbb800 Uncommon trap: reason=class_check action=maybe_recompile pc=0x00000000032f08d8 method=javax.swing.plaf.nimbus.DerivedColor$UIResource.equals(Ljava/lang/Object;)Z @ 1
Event: 6.496 Thread 0x0000000016fbb800 Uncommon trap: reason=class_check action=maybe_recompile pc=0x00000000032f08d8 method=javax.swing.plaf.nimbus.DerivedColor$UIResource.equals(Ljava/lang/Object;)Z @ 1
Event: 7.064 Thread 0x0000000016fbb800 Uncommon trap: reason=unstable_if action=reinterpret pc=0x0000000003473e80 method=sun.java2d.pipe.BufferedContext.validate(Lsun/java2d/pipe/hw/AccelSurface;Lsun/java2d/pipe/hw/AccelSurface;Lsun/java2d/pipe/Region;Ljava/awt/Composite;Ljava/awt/geom/AffineT
Event: 8.466 Thread 0x0000000016fbb800 Uncommon trap: reason=unstable_if action=reinterpret pc=0x00000000034640f0 method=java.awt.geom.AffineTransform.equals(Ljava/lang/Object;)Z @ 23

Internal exceptions (10 events):
Event: 0.318 Thread 0x0000000002ee3000 Exception <a 'java/lang/ClassNotFoundException': javax/swing/JToolBarSeparator> (0x00000000ed900478) thrown at [C:\re\workspace\8-2-build-windows-amd64-cygwin\jdk8u111\7883\hotspot\src\share\vm\classfile\systemDictionary.cpp, line 210]
Event: 0.318 Thread 0x0000000002ee3000 Exception <a 'java/lang/ClassNotFoundException': ToolBarSeparator> (0x00000000ed900910) thrown at [C:\re\workspace\8-2-build-windows-amd64-cygwin\jdk8u111\7883\hotspot\src\share\vm\classfile\systemDictionary.cpp, line 210]
Event: 0.318 Thread 0x0000000002ee3000 Exception <a 'java/lang/ClassNotFoundException': ToolTip> (0x00000000ed901050) thrown at [C:\re\workspace\8-2-build-windows-amd64-cygwin\jdk8u111\7883\hotspot\src\share\vm\classfile\systemDictionary.cpp, line 210]
Event: 0.320 Thread 0x0000000002ee3000 Exception <a 'java/lang/ClassNotFoundException': Tree> (0x00000000ed901c70) thrown at [C:\re\workspace\8-2-build-windows-amd64-cygwin\jdk8u111\7883\hotspot\src\share\vm\classfile\systemDictionary.cpp, line 210]
Event: 0.320 Thread 0x0000000002ee3000 Exception <a 'java/lang/ClassNotFoundException': Tree> (0x00000000ed9023b0) thrown at [C:\re\workspace\8-2-build-windows-amd64-cygwin\jdk8u111\7883\hotspot\src\share\vm\classfile\systemDictionary.cpp, line 210]
Event: 0.320 Thread 0x0000000002ee3000 Exception <a 'java/lang/ClassNotFoundException': javax/swing/JTreeCell> (0x00000000ed902730) thrown at [C:\re\workspace\8-2-build-windows-amd64-cygwin\jdk8u111\7883\hotspot\src\share\vm\classfile\systemDictionary.cpp, line 210]
Event: 0.320 Thread 0x0000000002ee3000 Exception <a 'java/lang/ClassNotFoundException': TreeCell> (0x00000000ed902bb8) thrown at [C:\re\workspace\8-2-build-windows-amd64-cygwin\jdk8u111\7883\hotspot\src\share\vm\classfile\systemDictionary.cpp, line 210]
Event: 0.320 Thread 0x0000000002ee3000 Exception <a 'java/lang/ClassNotFoundException': RootPane> (0x00000000ed903618) thrown at [C:\re\workspace\8-2-build-windows-amd64-cygwin\jdk8u111\7883\hotspot\src\share\vm\classfile\systemDictionary.cpp, line 210]
Event: 4.017 Thread 0x0000000016fbb800 Implicit null exception at 0x00000000032ed05a to 0x00000000032ed2fd
Event: 7.064 Thread 0x0000000016fbb800 Implicit null exception at 0x0000000003473427 to 0x0000000003473e4d

Events (10 events):
Event: 8.499 loading class javax/swing/event/UndoableEditEvent
Event: 8.499 loading class javax/swing/event/UndoableEditEvent done
Event: 8.499 loading class javax/swing/event/UndoableEditListener
Event: 8.499 loading class javax/swing/event/UndoableEditListener done
Event: 8.528 loading class javax/swing/plaf/nimbus/ComboBoxArrowButtonPainter
Event: 8.528 loading class javax/swing/plaf/nimbus/ComboBoxArrowButtonPainter done
Event: 8.619 loading class javax/swing/event/AncestorEvent
Event: 8.619 loading class javax/swing/event/AncestorEvent done
Event: 8.620 loading class javax/swing/text/JTextComponent$InputMethodRequestsHandler
Event: 8.620 loading class javax/swing/text/JTextComponent$InputMethodRequestsHandler done


Dynamic libraries:
0x00007ff6bb4f0000 - 0x00007ff6bb527000 	C:\Program Files\Java\jdk1.8.0_111\bin\java.exe
0x00007ffe632b0000 - 0x00007ffe63491000 	C:\Windows\SYSTEM32\ntdll.dll
0x00007ffe63030000 - 0x00007ffe630e2000 	C:\Windows\System32\KERNEL32.DLL
0x00007ffe62db0000 - 0x00007ffe63023000 	C:\Windows\System32\KERNELBASE.dll
0x00007ffe629d0000 - 0x00007ffe62a71000 	C:\Windows\System32\ADVAPI32.dll
0x00007ffe60f90000 - 0x00007ffe6102e000 	C:\Windows\System32\msvcrt.dll
0x00007ffe61030000 - 0x00007ffe6108b000 	C:\Windows\System32\sechost.dll
0x00007ffe61230000 - 0x00007ffe61354000 	C:\Windows\System32\RPCRT4.dll
0x00007ffe630f0000 - 0x00007ffe63280000 	C:\Windows\System32\USER32.dll
0x00007ffe60400000 - 0x00007ffe60420000 	C:\Windows\System32\win32u.dll
0x00007ffe62c20000 - 0x00007ffe62c48000 	C:\Windows\System32\GDI32.dll
0x00007ffe5f6f0000 - 0x00007ffe5f882000 	C:\Windows\System32\gdi32full.dll
0x00007ffe5f8e0000 - 0x00007ffe5f97f000 	C:\Windows\System32\msvcp_win.dll
0x00007ffe5fa00000 - 0x00007ffe5fafa000 	C:\Windows\System32\ucrtbase.dll
0x00007ffe46b00000 - 0x00007ffe46d69000 	C:\Windows\WinSxS\amd64_microsoft.windows.common-controls_6595b64144ccf1df_6.0.17134.112_none_fb3f961b30681c12\COMCTL32.dll
0x00007ffe60ba0000 - 0x00007ffe60ec3000 	C:\Windows\System32\combase.dll
0x00007ffe5f980000 - 0x00007ffe5f9fa000 	C:\Windows\System32\bcryptPrimitives.dll
0x00007ffe60f50000 - 0x00007ffe60f7d000 	C:\Windows\System32\IMM32.DLL
0x000000006b370000 - 0x000000006b442000 	C:\Program Files\Java\jdk1.8.0_111\jre\bin\msvcr100.dll
0x000000006b450000 - 0x000000006bcea000 	C:\Program Files\Java\jdk1.8.0_111\jre\bin\server\jvm.dll
0x00007ffe610f0000 - 0x00007ffe610f8000 	C:\Windows\System32\PSAPI.DLL
0x00007ffe53960000 - 0x00007ffe53969000 	C:\Windows\SYSTEM32\WSOCK32.dll
0x00007ffe5d810000 - 0x00007ffe5d833000 	C:\Windows\SYSTEM32\WINMM.dll
0x00007ffe611b0000 - 0x00007ffe6121c000 	C:\Windows\System32\WS2_32.dll
0x00007ffe56580000 - 0x00007ffe5658a000 	C:\Windows\SYSTEM32\VERSION.dll
0x00007ffe5d7e0000 - 0x00007ffe5d80a000 	C:\Windows\SYSTEM32\winmmbase.dll
0x00007ffe5f890000 - 0x00007ffe5f8d9000 	C:\Windows\System32\cfgmgr32.dll
0x000000006b320000 - 0x000000006b32f000 	C:\Program Files\Java\jdk1.8.0_111\jre\bin\verify.dll
0x000000006b2f0000 - 0x000000006b319000 	C:\Program Files\Java\jdk1.8.0_111\jre\bin\java.dll
0x000000006b2d0000 - 0x000000006b2e6000 	C:\Program Files\Java\jdk1.8.0_111\jre\bin\zip.dll
0x00007ffe614c0000 - 0x00007ffe62900000 	C:\Windows\System32\SHELL32.dll
0x00007ffe61100000 - 0x00007ffe611a9000 	C:\Windows\System32\shcore.dll
0x00007ffe5fb00000 - 0x00007ffe6020d000 	C:\Windows\System32\windows.storage.dll
0x00007ffe61090000 - 0x00007ffe610e1000 	C:\Windows\System32\shlwapi.dll
0x00007ffe5f5c0000 - 0x00007ffe5f5d1000 	C:\Windows\System32\kernel.appcore.dll
0x00007ffe5f5a0000 - 0x00007ffe5f5bf000 	C:\Windows\System32\profapi.dll
0x00007ffe5f5f0000 - 0x00007ffe5f63c000 	C:\Windows\System32\powrprof.dll
0x00007ffe5f5e0000 - 0x00007ffe5f5ea000 	C:\Windows\System32\FLTLIB.DLL
0x000000006b0f0000 - 0x000000006b288000 	C:\Program Files\Java\jdk1.8.0_111\jre\bin\awt.dll
0x00007ffe62900000 - 0x00007ffe629c2000 	C:\Windows\System32\OLEAUT32.dll
0x00007ffe5d5d0000 - 0x00007ffe5d65b000 	C:\Windows\SYSTEM32\apphelp.dll
0x00007ffe5da30000 - 0x00007ffe5dac8000 	C:\Windows\system32\uxtheme.dll
0x00007ffe604e0000 - 0x00007ffe60655000 	C:\Windows\System32\MSCTF.dll
0x00007ffe5dc60000 - 0x00007ffe5dc89000 	C:\Windows\system32\dwmapi.dll
0x00007ffe61360000 - 0x00007ffe614b1000 	C:\Windows\System32\ole32.dll
0x000000006b0a0000 - 0x000000006b0e7000 	C:\Program Files\Java\jdk1.8.0_111\jre\bin\fontmanager.dll
0x00007ffe49600000 - 0x00007ffe49797000 	C:\Windows\system32\d3d9.dll
0x00007ffe52060000 - 0x00007ffe527de000 	C:\Windows\SYSTEM32\d3d10warp.dll
0x000000006b2b0000 - 0x000000006b2ca000 	C:\Program Files\Java\jdk1.8.0_111\jre\bin\net.dll
0x00007ffe5ee00000 - 0x00007ffe5ee66000 	C:\Windows\system32\mswsock.dll
0x000000006b290000 - 0x000000006b2a1000 	C:\Program Files\Java\jdk1.8.0_111\jre\bin\nio.dll
0x000000006b050000 - 0x000000006b092000 	C:\Program Files\Java\jdk1.8.0_111\jre\bin\t2k.dll
0x00007ffe59f50000 - 0x00007ffe59fe8000 	C:\Windows\System32\TextInputFramework.dll
0x00007ffe5d090000 - 0x00007ffe5d16a000 	C:\Windows\System32\CoreMessaging.dll
0x00007ffe5a9b0000 - 0x00007ffe5acce000 	C:\Windows\System32\CoreUIComponents.dll
0x00007ffe5e380000 - 0x00007ffe5e3b1000 	C:\Windows\SYSTEM32\ntmarta.dll
0x00007ffe5a860000 - 0x00007ffe5a9ad000 	C:\Windows\SYSTEM32\wintypes.dll
0x000000006b010000 - 0x000000006b03a000 	C:\Program Files\Java\jdk1.8.0_111\jre\bin\dcpr.dll
0x00007ffe5ebc0000 - 0x00007ffe5ec7e000 	C:\Windows\SYSTEM32\DNSAPI.dll
0x00007ffe60f80000 - 0x00007ffe60f88000 	C:\Windows\System32\NSI.dll
0x00007ffe5eb80000 - 0x00007ffe5ebb8000 	C:\Windows\SYSTEM32\IPHLPAPI.DLL
0x00007ffe58150000 - 0x00007ffe5815a000 	C:\Windows\System32\rasadhlp.dll
0x00007ffe5bb30000 - 0x00007ffe5bba2000 	C:\Windows\System32\fwpuclnt.dll
0x00007ffe5f0e0000 - 0x00007ffe5f105000 	C:\Windows\SYSTEM32\bcrypt.dll
0x00007ffe62cd0000 - 0x00007ffe62d70000 	C:\Windows\System32\clbcatq.dll
0x00007ffe5af00000 - 0x00007ffe5b0ae000 	C:\Windows\SYSTEM32\WindowsCodecs.dll
0x00007ffe48fd0000 - 0x00007ffe49028000 	C:\Windows\system32\dataexchange.dll
0x00007ffe5c610000 - 0x00007ffe5c91b000 	C:\Windows\system32\d3d11.dll
0x00007ffe5cef0000 - 0x00007ffe5d08c000 	C:\Windows\system32\dcomp.dll
0x00007ffe5e470000 - 0x00007ffe5e52b000 	C:\Windows\system32\dxgi.dll
0x00007ffe5dd40000 - 0x00007ffe5def8000 	C:\Windows\system32\twinapi.appcore.dll
0x00007ffe5e050000 - 0x00007ffe5e071000 	C:\Windows\system32\RMCLIENT.dll

VM Arguments:
jvm_args: -Dfile.encoding=UTF-8 
java_command: view.TelaInicial
java_class_path (initial): C:\Program Files\NetBeans 8.2\ide\modules\ext\mysql-connector-java-5.1.23-bin.jar;C:\Users\631420395\Documents\NetBeansProjects\ADS3M192_Loja-master\ADS3M192_Loja-master\build\classes
Launcher Type: SUN_STANDARD

Environment Variables:
PATH=C:\APP\Python\37\Scripts\;C:\APP\Python\37\;C:\Program Files (x86)\Common Files\Oracle\Java\javapath;C:\Windows\system32;C:\Windows;C:\Windows\System32\Wbem;C:\Windows\System32\WindowsPowerShell\v1.0\;C:\Windows\System32\OpenSSH\;C:\APP\xampp\php;C:\APP\composer;C:\APP\PuTTY\;C:\Program Files\Microsoft VS Code\bin;C:\APP\npm;C:\APP\composer;C:\Program Files\Microsoft SQL Server\Client SDK\ODBC\130\Tools\Binn\;C:\Program Files (x86)\Microsoft SQL Server\140\Tools\Binn\;C:\Program Files\Microsoft SQL Server\140\Tools\Binn\;C:\Program Files\Microsoft SQL Server\140\DTS\Binn\;C:\Program Files (x86)\Microsoft SQL Server\Client SDK\ODBC\130\Tools\Binn\;C:\Program Files (x86)\Microsoft SQL Server\140\DTS\Binn\;C:\Program Files (x86)\Microsoft SQL Server\140\Tools\Binn\ManagementStudio\;C:\Program Files\dotnet\;C:\Program Files\Microsoft SQL Server\130\Tools\Binn\;C:\Program Files\nodejs\;C:\Program Files\Git\cmd;C:\Users\631420395\AppData\Local\Microsoft\WindowsApps;C:\Program Files\heroku\bin;C:\Users\Administrador\AppData\Roaming\Composer\vendor\bin;C:\Users\Administrador\AppData\Roaming\npm
USERNAME=631420395
OS=Windows_NT
PROCESSOR_IDENTIFIER=AMD64 Family 16 Model 4 Stepping 3, AuthenticAMD



---------------  S Y S T E M  ---------------

OS: Windows 10.0 , 64 bit Build 17134 (10.0.17134.1)

CPU:total 4 (4 cores per cpu, 1 threads per core) family 16 model 4 stepping 3, cmov, cx8, fxsr, mmx, sse, sse2, sse3, popcnt, mmxext, 3dnowpref, lzcnt, sse4a, tsc, tscinvbit, tscinv

Memory: 4k page, physical 3669388k(474516k free), swap 3669388k(3980k free)

vm_info: Java HotSpot(TM) 64-Bit Server VM (25.111-b14) for windows-amd64 JRE (1.8.0_111-b14), built on Sep 22 2016 19:24:05 by "java_re" with MS VC++ 10.0 (VS2010)

time: Wed Oct 23 10:24:00 2019
elapsed time: 8 seconds (0d 0h 0m 8s)

